/*C7*/SET SCHEMA PUBLIC
alter table Caracteristica drop constraint FK9kgr6qq3ih1n80dtng53gu3ey
alter table Certificado drop constraint FK50nmkp3mq8h61e1xp6qoidsy4
alter table Cliente drop constraint FKo8e48fw1tu3ejh634cu1j76p2
alter table Cliente drop constraint FKglv8ukti0kerwq7ub10rcv8yc
alter table Contato drop constraint FKhcatuob4j4ca2ls0xipa8wplk
alter table Curso drop constraint FKj43nrvg1hv2eabi1g4nempjad
alter table Evento drop constraint FK9ny7i4uq0ygg3or1j4rgxet5m
alter table ExperienciaProfissional drop constraint FK2s52k4p2dn82n66xhoyt6hi4f
alter table Funcionario drop constraint FK2nr7acbckudjoum9ceg4sp49a
alter table Habilidade drop constraint FKr0n37ii6w2wh2v49ckqd79y4t
alter table Idioma drop constraint FKexpb9dfso9w9gch0jmadslkpm
alter table ObjetivoProfissional drop constraint FKapm0aavje02o33u2v2g8lodro
alter table TesteA drop constraint FK9xtdrvjfx0g5p0ok2filhiuch
alter table TesteB drop constraint FK5v41b4t15kwrj03rebhbc0tsd
alter table TesteC drop constraint FK206l5ouv7ow4nvam388naqbne
alter table Veiculo drop constraint FK2eeculuescb1drpke18kttyk5
alter table Veiculo drop constraint FK9jb1trjuturnfmfc6h3d365qp
alter table Veiculo drop constraint FK20q5fav4p5eujqkl0i2xtk1k7
drop table Banco if exists
drop table Caracteristica if exists
drop table Cartorio if exists
drop table CentroCusto if exists
drop table Certificado if exists
drop table Cliente if exists
drop table Contador if exists
drop table Contato if exists
drop table Curso if exists
drop table Empresa if exists
drop table Evento if exists
drop table ExperienciaProfissional if exists
drop table Fornecedor if exists
drop table Funcionario if exists
drop table Habilidade if exists
drop table Idioma if exists
drop table Imovel if exists
drop table ObjetivoProfissional if exists
drop table Recado if exists
drop table Sindicato if exists
drop table TesteA if exists
drop table TesteB if exists
drop table TesteC if exists
drop table TipoEvento if exists
drop table Usuario if exists
drop table Veiculo if exists
drop table VeiculoMarca if exists
drop table VeiculoModelo if exists
drop sequence hibernate_sequence if exists
create sequence hibernate_sequence start with 1 increment by 1
create table Banco (id bigint generated by default as identity (start with 1), codigo varchar(10), nome varchar(50) not null, primary key (id))
create table Caracteristica (id bigint generated by default as identity (start with 1), adequado varchar(3), agil varchar(3), agitado varchar(3), alegre varchar(3), amavel varchar(3), analitico varchar(3), animado varchar(3), ansioso varchar(3), apatico varchar(3), articulado varchar(3), assumeRiscosCalculados varchar(3), atencioso varchar(3), ativo varchar(3), autoconfiante varchar(3), aventureiro varchar(3), bemHumorado varchar(3), calmo varchar(3), carismatico varchar(3), cauteloso varchar(3), competitivo varchar(3), compreensivo varchar(3), conciliador varchar(3), contido varchar(3), convencional varchar(3), convincente varchar(3), cortes varchar(3), cuidadoso varchar(3), decidido varchar(3), dedicado varchar(3), dependente varchar(3), desconfiado varchar(3), descrente varchar(3), desencanado varchar(3), desligado varchar(3), desprendido varchar(3), despretensioso varchar(3), destemido varchar(3), determinado varchar(3), diplomatico varchar(3), direto varchar(3), disciplinado varchar(3), discreto varchar(3), disponivel varchar(3), divertido varchar(3), dominador varchar(3), egocentrico varchar(3), empolgado varchar(3), encantador varchar(3), energico varchar(3), espontaneo varchar(3), estavel varchar(3), exigente varchar(3), expansivo varchar(3), expressivo varchar(3), extrovertido varchar(3), fechado varchar(3), firme varchar(3), gostaDeSeArriscar varchar(3), humilde varchar(3), impulsivo varchar(3), incerto varchar(3), independente varchar(3), indiferente varchar(3), influente varchar(3), inquieto varchar(3), inspirador varchar(3), interessado varchar(3), introspectivo varchar(3), justo varchar(3), leal varchar(3), liberal varchar(3), livre varchar(3), logico varchar(3), maleavel varchar(3), menteAberta varchar(3), meticuloso varchar(3), obediente varchar(3), objetivo varchar(3), observador varchar(3), obstinado varchar(3), original varchar(3), ousado varchar(3), paciente varchar(3), pacifico varchar(3), passivo varchar(3), perfeccionista varchar(3), persistente varchar(3), persuasivo varchar(3), pessimista varchar(3), ponderado varchar(3), pratico varchar(3), precavido varchar(3), preciso varchar(3), preocupado varchar(3), prevenido varchar(3), previsivel varchar(3), realista varchar(3), rebelde varchar(3), receoso varchar(3), reservado varchar(3), respeitoso varchar(3), sarcastico varchar(3), seguro varchar(3), semLimites varchar(3), sensato varchar(3), sereno varchar(3), serio varchar(3), simpatico varchar(3), sistematico varchar(3), sociavel varchar(3), teimoso varchar(3), versatil varchar(3), funcionario_id bigint, primary key (id))
create table Cartorio (id bigint generated by default as identity (start with 1), bairro varchar(50), cep varchar(10), cidade varchar(50), cnpj varchar(19), comarca varchar(50), complemento varchar(20), distrito varchar(50), email varchar(50), estado varchar(50), fax varchar(20), fone1 varchar(20), fone2 varchar(20), logradouro varchar(50), municipio varchar(50), nomeFantasia varchar(50) not null, pais varchar(50), razaoSocial varchar(50), site varchar(50), substituto varchar(50), titular varchar(50), primary key (id))
create table CentroCusto (id bigint generated by default as identity (start with 1), nome varchar(50) not null, primary key (id))
create table Certificado (id bigint generated by default as identity (start with 1), anoConclusao varchar(4), cargaHoraria double not null, curso varchar(50), instituicao varchar(50), funcionario_id bigint, primary key (id))
create table Cliente (id bigint generated by default as identity (start with 1), anoReferenciaCadastro varchar(4), bairro varchar(50), cargo varchar(50), cep varchar(10), cidade varchar(50), classeEconomica varchar(50), cnpj varchar(19), complemento varchar(20), cor varchar(11), cpf varchar(14), dataCadastro varchar(10), dataNascimento varchar(10), deficiencia varchar(22), email varchar(50), escolaridade varchar(24), estado varchar(50), estadoCivil varchar(14), fax varchar(20), fone1 varchar(20), fone2 varchar(20), foneReferencia1 varchar(20), foneReferencia2 varchar(20), foneReferencia3 varchar(20), idade varchar(3), logradouro varchar(50), mesReferenciaCadastro varchar(9), nacionalidade varchar(31), nome varchar(50) not null, nomeReferencia1 varchar(50), nomeReferencia2 varchar(50), nomeReferencia3 varchar(50), numeroAgenciaBancaria varchar(20), numeroContaBancaria varchar(20), pais varchar(50), relacionamentoReferencia1 varchar(18), relacionamentoReferencia2 varchar(18), relacionamentoReferencia3 varchar(18), rgNumero varchar(15), rgOrgaoEmissor varchar(20), salario varchar(10), sexo varchar(9), status varchar(7), banco_id bigint, empresa_id bigint, primary key (id))
create table Contador (id bigint generated by default as identity (start with 1), cnpj varchar(19), cpf varchar(14), crc varchar(20), email varchar(50), fax varchar(20), fone1 varchar(20), fone2 varchar(20), nome varchar(50) not null, site varchar(50), primary key (id))
create table Contato (id bigint not null, bairro varchar(50), cep varchar(15), cidade varchar(50), cnpj varchar(19), complemento varchar(50), cpf varchar(14), email varchar(50), estado varchar(50), fax varchar(16), fone1 varchar(16), fone2 varchar(16), logradouro varchar(50), nome varchar(50), pais varchar(50), sexo varchar(9), empresa_id bigint, primary key (id))
create table Curso (id bigint generated by default as identity (start with 1), anoConclusao varchar(4), anoInicio varchar(4), instituicao varchar(50), modalidade varchar(50), nivel varchar(50), nome varchar(50), situacao varchar(50), funcionario_id bigint, primary key (id))
create table Empresa (id bigint generated by default as identity (start with 1), bairro varchar(50), capitalSocial varchar(10), cep varchar(10), cidade varchar(50), cnpj varchar(19), complemento varchar(50), dataFundacao varchar(10), email varchar(50), estado varchar(50), faturamentoMensal varchar(10), fax varchar(20), fone1 varchar(20), fone2 varchar(20), inscricaoEstadual varchar(20), inscricaoMunicipal varchar(20), logradouro varchar(50), nomeFantasia varchar(50), numeroFuncionarios varchar(6), pais varchar(50), ramoAtividade varchar(50), razaoSocial varchar(50), tipoEmpresa varchar(6), primary key (id))
create table Evento (id bigint not null, data varchar(10), descricao varchar(50), horaInicio varchar(5), horaTermino varchar(5), tipoEvento_id bigint, primary key (id))
create table ExperienciaProfissional (id bigint generated by default as identity (start with 1), cargo varchar(50), dataAdmissao varchar(10), dataSaida varchar(10), empresa varchar(50), funcoes varchar(500), nivelHierarquico varchar(50), funcionario_id bigint, primary key (id))
create table Fornecedor (id bigint generated by default as identity (start with 1), bairro varchar(50), capitalSocial varchar(10), cep varchar(10), cidade varchar(50), cnpj varchar(19), complemento varchar(20), cpf varchar(14), dataFundacao varchar(10), email varchar(15), estado varchar(50), faturamentoMensal varchar(10), fax varchar(20), fone1 varchar(20), fone2 varchar(20), inscricaoEstadual varchar(50), inscricaoMunicipal varchar(50), logradouro varchar(50), nomeFantasia varchar(50) not null, numeroFuncionarios varchar(6), pais varchar(50), ramoAtividade varchar(50), razaoSocial varchar(50), tipoEmpresa varchar(6), primary key (id))
create table Funcionario (id bigint generated by default as identity (start with 1), bairro varchar(50), cargo varchar(50), categoria varchar(50), cep varchar(10), cidade varchar(50), cnhCategoria varchar(3), cnpj varchar(19), complemento varchar(20), conjuge varchar(50), cor varchar(12), cpf varchar(14), ctpsNumero varchar(19), deficiencia varchar(22), departamento varchar(50), email varchar(50), empresa varchar(50), escolaridade varchar(24), estado varchar(50), estadoCivil varchar(14), fax varchar(20), filhos varchar(2), fone1 varchar(20), fone2 varchar(20), gerente varchar(50), logradouro varchar(50), matricula varchar(20), nacionalidade varchar(34), nome varchar(50) not null, pais varchar(50), pis varchar(20), rgNumero varchar(15), rgOrgaoEmissor varchar(20), salario varchar(10), sexo varchar(9), turno varchar(50), centroCusto_id bigint, primary key (id))
create table Habilidade (id bigint generated by default as identity (start with 1), conhecimento varchar(50), nivelConhecimento varchar(50), funcionario_id bigint, primary key (id))
create table Idioma (id bigint generated by default as identity (start with 1), conhecimento varchar(50), nivelConhecimento varchar(50), funcionario_id bigint, primary key (id))
create table Imovel (id bigint generated by default as identity (start with 1), bairro varchar(50), banheiro varchar(2), cep varchar(10), cidade varchar(50), cnpj varchar(19), complemento varchar(20), cozinha varchar(2), cpf varchar(14), email varchar(50), estado varchar(50), fax varchar(20), fone1 varchar(20), fone2 varchar(20), garagem varchar(3), logradouro varchar(50), nomeProprietario varchar(50), pais varchar(50), piscina varchar(3), quarto varchar(2), sala varchar(2), suite varchar(2), terraco varchar(3), varanda varchar(2), primary key (id))
create table ObjetivoProfissional (id bigint generated by default as identity (start with 1), areaInteresse varchar(50), cargo varchar(50), contrato varchar(50), nivelHierarquico varchar(50), pretensaoSalarial varchar(50), funcionario_id bigint, primary key (id))
create table Recado (id bigint not null, data varchar(10), destinatario varchar(50), recado varchar(500), remetente varchar(50), primary key (id))
create table Sindicato (id bigint generated by default as identity (start with 1), bairro varchar(50), capitalSocial varchar(50), cep varchar(10), cidade varchar(50), cnpj varchar(19), complemento varchar(20), dataFundacao varchar(10), email varchar(10), estado varchar(50), faturamentoMensal varchar(10), fax varchar(20), fone1 varchar(20), fone2 varchar(20), inscricaoEstadual varchar(50), inscricaoMunicipal varchar(50), logradouro varchar(50), nomeFantasia varchar(50), numeroFuncionarios varchar(10), pais varchar(50), ramoAtividade varchar(50), razaoSocial varchar(30), tipoSindicato varchar(6), primary key (id))
create table TesteA (id bigint generated by default as identity (start with 1), totalOpcaoA integer, totalOpcaoC integer, totalOpcaoI integer, totalOpcaoO integer, funcionario_id bigint, primary key (id))
create table TesteB (id bigint generated by default as identity (start with 1), adequado varchar(3), agil varchar(3), agitado varchar(3), alegre varchar(3), amavel varchar(3), analitico varchar(3), animado varchar(3), ansioso varchar(3), apatico varchar(3), articulado varchar(3), assumeRiscosCalculados varchar(3), atencioso varchar(3), ativo varchar(3), autoconfiante varchar(3), aventureiro varchar(3), bemHumorado varchar(3), calmo varchar(3), carismatico varchar(3), cauteloso varchar(3), competitivo varchar(3), compreensivo varchar(3), conciliador varchar(3), contido varchar(3), convencional varchar(3), convincente varchar(3), cortes varchar(3), cuidadoso varchar(3), decidido varchar(3), dedicado varchar(3), dependente varchar(3), desconfiado varchar(3), descrente varchar(3), desencanado varchar(3), desligado varchar(3), desprendido varchar(3), despretensioso varchar(3), destemido varchar(3), determinado varchar(3), diplomatico varchar(3), direto varchar(3), disciplinado varchar(3), discreto varchar(3), disponivel varchar(3), divertido varchar(3), dominador varchar(3), egocentrico varchar(3), empolgado varchar(3), encantador varchar(3), energico varchar(3), espontaneo varchar(3), estavel varchar(3), exigente varchar(3), expansivo varchar(3), expressivo varchar(3), extrovertido varchar(3), fechado varchar(3), firme varchar(3), gostaDeSeArriscar varchar(3), humilde varchar(3), impulsivo varchar(3), incerto varchar(3), independente varchar(3), indiferente varchar(3), influente varchar(3), inquieto varchar(3), inspirador varchar(3), interessado varchar(3), introspectivo varchar(3), justo varchar(3), leal varchar(3), liberal varchar(3), livre varchar(3), logico varchar(3), maleavel varchar(3), menteAberta varchar(3), meticuloso varchar(3), obediente varchar(3), objetivo varchar(3), observador varchar(3), obstinado varchar(3), original varchar(3), ousado varchar(3), paciente varchar(3), pacifico varchar(3), passivo varchar(3), perfeccionista varchar(3), persistente varchar(3), persuasivo varchar(3), pessimista varchar(3), ponderado varchar(3), pratico varchar(3), precavido varchar(3), preciso varchar(3), preocupado varchar(3), prevenido varchar(3), previsivel varchar(3), realista varchar(3), rebelde varchar(3), receoso varchar(3), reservado varchar(3), respeitoso varchar(3), sarcastico varchar(3), seguro varchar(3), semLimites varchar(3), sensato varchar(3), sereno varchar(3), serio varchar(3), simpatico varchar(3), sistematico varchar(3), sociavel varchar(3), teimoso varchar(3), versatil varchar(3), funcionario_id bigint, primary key (id))
create table TesteC (id bigint generated by default as identity (start with 1), adequado varchar(3), agil varchar(3), agitado varchar(3), alegre varchar(3), amavel varchar(3), analitico varchar(3), animado varchar(3), ansioso varchar(3), apatico varchar(3), articulado varchar(3), assumeRiscosCalculados varchar(3), atencioso varchar(3), ativo varchar(3), autoconfiante varchar(3), aventureiro varchar(3), bemHumorado varchar(3), calmo varchar(3), carismatico varchar(3), cauteloso varchar(3), competitivo varchar(3), compreensivo varchar(3), conciliador varchar(3), contido varchar(3), convencional varchar(3), convincente varchar(3), cortes varchar(3), cuidadoso varchar(3), decidido varchar(3), dedicado varchar(3), dependente varchar(3), desconfiado varchar(3), descrente varchar(3), desencanado varchar(3), desligado varchar(3), desprendido varchar(3), despretensioso varchar(3), destemido varchar(3), determinado varchar(3), diplomatico varchar(3), direto varchar(3), disciplinado varchar(3), discreto varchar(3), disponivel varchar(3), divertido varchar(3), dominador varchar(3), egocentrico varchar(3), empolgado varchar(3), encantador varchar(3), energico varchar(3), espontaneo varchar(3), estavel varchar(3), exigente varchar(3), expansivo varchar(3), expressivo varchar(3), extrovertido varchar(3), fechado varchar(3), firme varchar(3), gostaDeSeArriscar varchar(3), humilde varchar(3), impulsivo varchar(3), incerto varchar(3), independente varchar(3), indiferente varchar(3), influente varchar(3), inquieto varchar(3), inspirador varchar(3), interessado varchar(3), introspectivo varchar(3), justo varchar(3), leal varchar(3), liberal varchar(3), livre varchar(3), logico varchar(3), maleavel varchar(3), menteAberta varchar(3), meticuloso varchar(3), obediente varchar(3), objetivo varchar(3), observador varchar(3), obstinado varchar(3), original varchar(3), ousado varchar(3), paciente varchar(3), pacifico varchar(3), passivo varchar(3), perfeccionista varchar(3), persistente varchar(3), persuasivo varchar(3), pessimista varchar(3), ponderado varchar(3), pratico varchar(3), precavido varchar(3), preciso varchar(3), preocupado varchar(3), prevenido varchar(3), previsivel varchar(3), realista varchar(3), rebelde varchar(3), receoso varchar(3), reservado varchar(3), respeitoso varchar(3), sarcastico varchar(3), seguro varchar(3), semLimites varchar(3), sensato varchar(3), sereno varchar(3), serio varchar(3), simpatico varchar(3), sistematico varchar(3), sociavel varchar(3), teimoso varchar(3), versatil varchar(3), funcionario_id bigint, primary key (id))
create table TipoEvento (id bigint not null, nome varchar(50), primary key (id))
create table Usuario (id bigint not null, nome varchar(15), senha varchar(15), primary key (id))
create table Veiculo (id bigint not null, adaptadoDeficiente varchar(3), anoFabricacao varchar(4), anoModelo varchar(4), anoReferenciaCadastro varchar(4), anoReferenciaCompra varchar(4), anoReferenciaVenda varchar(4), atividade varchar(18), bairro varchar(50), cambio varchar(10), capCarga varchar(10), capacidadePassageiros varchar(3), carroceria varchar(50), categoria varchar(50), cep varchar(10), chassi varchar(20), chassiRemarcado varchar(3), cidade varchar(50), cilindrada varchar(4), cilindros varchar(2), cmtTon varchar(10), combustivel varchar(32), complemento varchar(20), cor varchar(8), dataCompra varchar(10), dataVenda varchar(10), depreciacao varchar(10), desconto double not null, eixos varchar(2), especie varchar(10), estado varchar(50), estadoEmplacamento varchar(50), fabricacao varchar(9), ipva varchar(3), logradouro varchar(50), lucro varchar(10), marchas varchar(2), mesReferenciaCadastro varchar(9), mesReferenciaCompra varchar(9), mesReferenciaVenda varchar(9), municipioEmplacamento varchar(50), numeroMotor varchar(9), numeroPotas integer not null, pais varchar(50), placa varchar(8) not null, pneus varchar(50), potencia varchar(10), prejuizo varchar(10), proprietarioAnteriorCnpj varchar(19), proprietarioAnteriorCpf varchar(14), proprietarioAnteriorEmail varchar(20), proprietarioAnteriorFax varchar(20), proprietarioAnteriorFone1 varchar(20), proprietarioAnteriorFone2 varchar(20), proprietarioAnteriorNome varchar(50), proprietarioAnteriorRGNumero varchar(15), proprietarioAnteriorRGOrgaoEmisssor varchar(20), proprietarioCnpj varchar(19), proprietarioCpf varchar(14), proprietarioEmail varchar(50), proprietarioFax varchar(20), proprietarioFone1 varchar(20), proprietarioFone2 varchar(20), proprietarioNome varchar(50) not null, proprietarioRGNumero varchar(15), proprietarioRGOrgaoEmisssor varchar(20), quilometragem varchar(7), rebaixado varchar(3), renavam varchar(15), restricoes varchar(20), rodas varchar(50), subCategoria varchar(50), tipo varchar(17), valorCompra double not null, valorVenda double not null, valvulas varchar(1), zeroKm varchar(3), centroCusto_id bigint, marca_id bigint, modelo_id bigint, primary key (id))
create table VeiculoMarca (id bigint generated by default as identity (start with 1), marca varchar(50) not null, primary key (id))
create table VeiculoModelo (id bigint not null, modelo varchar(50) not null, primary key (id))
alter table Banco add constraint INDEX_BANCO_NOME unique (nome)
alter table Banco add constraint INDEX_BANCO_CODIGO unique (codigo)
alter table Cartorio add constraint INDEX_CARTORIO_CNPJ unique (cnpj)
alter table CentroCusto add constraint INDEX_CENTRO_CUSTO_NOME unique (nome)
alter table Cliente add constraint INDEX_CLIENTE_CPF unique (cpf)
alter table Cliente add constraint INDEX_CLIENTE_CNPJ unique (cnpj)
alter table Contador add constraint INDEX_CONTADOR_CPF unique (cpf)
alter table Contador add constraint INDEX_CONTADOR_CNPJ unique (cnpj)
alter table Contador add constraint INDEX_CONTADOR_CRC unique (crc)
alter table Contato add constraint INDEX_CONTATO_CPF unique (cpf)
alter table Contato add constraint INDEX_CONTATO_CNPJ unique (cnpj)
alter table Empresa add constraint INDEX_EMPRESA_CNPJ unique (cnpj)
alter table Fornecedor add constraint INDEX_FORNECEDOR_CPF unique (cpf)
alter table Fornecedor add constraint INDEX_FORNECEDOR_CNPJ unique (cnpj)
alter table Funcionario add constraint INDEX_FUNCIONARIO_CPF unique (cpf)
alter table Funcionario add constraint INDEX_FUNCIONARIO_CNPJ unique (cnpj)
alter table Sindicato add constraint INDEX_SINDICATO_CNPJ unique (cnpj)
alter table TipoEvento add constraint INDEX_TIPO_EVENTO_NOME unique (nome)
alter table Usuario add constraint INDEX_USUARIO_NOME unique (nome)
alter table Veiculo add constraint INDEX_VEICULO_PLACA unique (placa)
alter table Veiculo add constraint INDEX_VEICULO_RENAVAM unique (renavam)
alter table Veiculo add constraint INDEX_VEICULO_CHASSI unique (chassi)
alter table VeiculoMarca add constraint INDEX_VEICULO_MARCA_MARCA unique (marca)
alter table VeiculoModelo add constraint INDEX_VEICULO_MODELO_MODELO unique (modelo)
alter table Caracteristica add constraint FK9kgr6qq3ih1n80dtng53gu3ey foreign key (funcionario_id) references Funcionario
alter table Certificado add constraint FK50nmkp3mq8h61e1xp6qoidsy4 foreign key (funcionario_id) references Funcionario
alter table Cliente add constraint FKo8e48fw1tu3ejh634cu1j76p2 foreign key (banco_id) references Banco
alter table Cliente add constraint FKglv8ukti0kerwq7ub10rcv8yc foreign key (empresa_id) references Empresa
alter table Contato add constraint FKhcatuob4j4ca2ls0xipa8wplk foreign key (empresa_id) references Empresa
alter table Curso add constraint FKj43nrvg1hv2eabi1g4nempjad foreign key (funcionario_id) references Funcionario
alter table Evento add constraint FK9ny7i4uq0ygg3or1j4rgxet5m foreign key (tipoEvento_id) references TipoEvento
alter table ExperienciaProfissional add constraint FK2s52k4p2dn82n66xhoyt6hi4f foreign key (funcionario_id) references Funcionario
alter table Funcionario add constraint FK2nr7acbckudjoum9ceg4sp49a foreign key (centroCusto_id) references CentroCusto
alter table Habilidade add constraint FKr0n37ii6w2wh2v49ckqd79y4t foreign key (funcionario_id) references Funcionario
alter table Idioma add constraint FKexpb9dfso9w9gch0jmadslkpm foreign key (funcionario_id) references Funcionario
alter table ObjetivoProfissional add constraint FKapm0aavje02o33u2v2g8lodro foreign key (funcionario_id) references Funcionario
alter table TesteA add constraint FK9xtdrvjfx0g5p0ok2filhiuch foreign key (funcionario_id) references Funcionario
alter table TesteB add constraint FK5v41b4t15kwrj03rebhbc0tsd foreign key (funcionario_id) references Funcionario
alter table TesteC add constraint FK206l5ouv7ow4nvam388naqbne foreign key (funcionario_id) references Funcionario
alter table Veiculo add constraint FK2eeculuescb1drpke18kttyk5 foreign key (centroCusto_id) references CentroCusto
alter table Veiculo add constraint FK9jb1trjuturnfmfc6h3d365qp foreign key (marca_id) references VeiculoMarca
alter table Veiculo add constraint FK20q5fav4p5eujqkl0i2xtk1k7 foreign key (modelo_id) references VeiculoModelo
/*C25*/SET SCHEMA PUBLIC
INSERT INTO USUARIO VALUES(1,'ADMIN','123')
ALTER SEQUENCE PUBLIC.HIBERNATE_SEQUENCE RESTART WITH 2
COMMIT
/*C27*/SET SCHEMA PUBLIC
INSERT INTO CENTROCUSTO VALUES(1,'A')
COMMIT
